<?xml version="1.0" encoding="utf-8"?><testsuites name="pytest tests"><testsuite name="pytest" errors="0" failures="1" skipped="0" tests="14" time="5.077" timestamp="2026-07-02T17:16:38.514238+00:00" hostname="agent-env-8c4e4cb2-3d92-450e-b9c5-607896e3a5af"><testcase classname="backend.tests.test_iteration7_airtel.TestRebrand" name="test_root_endpoint_name" time="0.159" /><testcase classname="backend.tests.test_iteration7_airtel.TestProviders" name="test_providers_include_airtel_iq" time="0.443" /><testcase classname="backend.tests.test_iteration7_airtel.TestAirtelWebhooks" name="test_sms_dlr_no_signature_returns_200_and_row" time="0.113" /><testcase classname="backend.tests.test_iteration7_airtel.TestAirtelWebhooks" name="test_sms_dlr_correlates_and_transitions_status" time="0.823"><failure message="AssertionError: sent&#10;assert 'sent' == 'delivered'&#10;  &#10;  - delivered&#10;  + sent">backend/tests/test_iteration7_airtel.py:103: in test_sms_dlr_correlates_and_transitions_status
    assert doc["status"] == "delivered", doc.get("status")
E   AssertionError: sent
E   assert 'sent' == 'delivered'
E     
E     - delivered
E     + sent</failure></testcase><testcase classname="backend.tests.test_iteration7_airtel.TestAirtelWebhooks" name="test_whatsapp_inbound_creates_contact_and_message" time="0.126" /><testcase classname="backend.tests.test_iteration7_airtel.TestAirtelWebhooks" name="test_voice_status_returns_200" time="0.104" /><testcase classname="backend.tests.test_iteration7_airtel.TestMessageSendSMS" name="test_send_sms_creates_queued_message_with_pmid" time="1.729" /><testcase classname="backend.tests.test_iteration7_airtel.TestRegression" name="test_login_admin" time="0.339" /><testcase classname="backend.tests.test_iteration7_airtel.TestRegression" name="test_contacts_list" time="0.096" /><testcase classname="backend.tests.test_iteration7_airtel.TestRegression" name="test_campaigns_list" time="0.106" /><testcase classname="backend.tests.test_iteration7_airtel.TestRegression" name="test_reminders_upcoming" time="0.096" /><testcase classname="backend.tests.test_iteration7_airtel.TestRegression" name="test_invoice_pdf" time="0.572" /><testcase classname="backend.tests.test_iteration7_airtel.TestRegression" name="test_mark_paid_missing_bill_404" time="0.103" /><testcase classname="backend.tests.test_iteration7_airtel.TestRegression" name="test_enable_reminders_empty_422" time="0.100" /></testsuite></testsuites>