<?xml version="1.0" encoding="utf-8"?><testsuites name="pytest tests"><testsuite name="pytest" errors="0" failures="0" skipped="0" tests="27" time="6.217" timestamp="2026-07-21T13:30:15.911248+00:00" hostname="agent-env-8c4e4cb2-3d92-450e-b9c5-607896e3a5af"><testcase classname="backend.tests.test_iteration19_billing_reactions.TestPlans" name="test_list_plans_seeded" time="1.456" /><testcase classname="backend.tests.test_iteration19_billing_reactions.TestPlans" name="test_create_plan_duplicate_409" time="0.128" /><testcase classname="backend.tests.test_iteration19_billing_reactions.TestPlans" name="test_create_and_patch_and_delete_plan" time="0.390" /><testcase classname="backend.tests.test_iteration19_billing_reactions.TestCoupons" name="test_create_coupon_missing_discount_400" time="0.111" /><testcase classname="backend.tests.test_iteration19_billing_reactions.TestCoupons" name="test_create_coupon_invalid_percent_400" time="0.115" /><testcase classname="backend.tests.test_iteration19_billing_reactions.TestCoupons" name="test_create_coupon_ok" time="0.099" /><testcase classname="backend.tests.test_iteration19_billing_reactions.TestCoupons" name="test_create_coupon_duplicate_409" time="0.105" /><testcase classname="backend.tests.test_iteration19_billing_reactions.TestCoupons" name="test_validate_coupon_invalid_404" time="0.120" /><testcase classname="backend.tests.test_iteration19_billing_reactions.TestCoupons" name="test_validate_coupon_ok" time="0.126" /><testcase classname="backend.tests.test_iteration19_billing_reactions.TestBillingProfile" name="test_get_billing" time="0.132" /><testcase classname="backend.tests.test_iteration19_billing_reactions.TestBillingProfile" name="test_patch_gstin_invalid_400" time="0.141" /><testcase classname="backend.tests.test_iteration19_billing_reactions.TestBillingProfile" name="test_patch_billing_ok_same_state" time="0.122" /><testcase classname="backend.tests.test_iteration19_billing_reactions.TestSubscribeInvoice" name="test_subscribe_same_state_with_coupon" time="0.105" /><testcase classname="backend.tests.test_iteration19_billing_reactions.TestSubscribeInvoice" name="test_current_subscription" time="0.120" /><testcase classname="backend.tests.test_iteration19_billing_reactions.TestSubscribeInvoice" name="test_coupon_reuse_blocked" time="0.096" /><testcase classname="backend.tests.test_iteration19_billing_reactions.TestSubscribeInvoice" name="test_sa_cannot_subscribe_400" time="0.118" /><testcase classname="backend.tests.test_iteration19_billing_reactions.TestSubscribeInvoice" name="test_subscribe_interstate_igst" time="0.239" /><testcase classname="backend.tests.test_iteration19_billing_reactions.TestSubscribeInvoice" name="test_list_invoices_v2" time="0.102" /><testcase classname="backend.tests.test_iteration19_billing_reactions.TestSubscribeInvoice" name="test_invoice_detail" time="0.101" /><testcase classname="backend.tests.test_iteration19_billing_reactions.TestSubscribeInvoice" name="test_cancel_subscription" time="0.194" /><testcase classname="backend.tests.test_iteration19_billing_reactions.TestSubscribeInvoice" name="test_cancel_when_none_404" time="0.000" /><testcase classname="backend.tests.test_iteration19_billing_reactions.TestRegression" name="test_legacy_invoices_ok" time="0.112" /><testcase classname="backend.tests.test_iteration19_billing_reactions.TestReactionsDelete" name="test_setup_contact_and_send_sms" time="0.298" /><testcase classname="backend.tests.test_iteration19_billing_reactions.TestReactionsDelete" name="test_react_404_on_nonexistent_msg" time="0.120" /><testcase classname="backend.tests.test_iteration19_billing_reactions.TestReactionsDelete" name="test_react_400_on_non_whatsapp" time="0.106" /><testcase classname="backend.tests.test_iteration19_billing_reactions.TestReactionsDelete" name="test_delete_message_soft_and_timeline_hides" time="0.203" /><testcase classname="backend.tests.test_iteration19_billing_reactions.TestReactionsDelete" name="test_delete_404_on_nonexistent" time="0.375" /></testsuite></testsuites>