<?xml version="1.0" encoding="utf-8"?><testsuites name="pytest tests"><testsuite name="pytest" errors="0" failures="0" skipped="0" tests="9" time="9.547" timestamp="2026-07-14T17:18:25.377829+00:00" hostname="agent-env-8c4e4cb2-3d92-450e-b9c5-607896e3a5af"><testcase classname="backend.tests.test_iteration10_wa_templates.TestModelAcceptance" name="test_send_without_template_still_works_sms" time="2.403" /><testcase classname="backend.tests.test_iteration10_wa_templates.TestModelAcceptance" name="test_sendmessagein_model_accepts_optional_template_fields" time="0.319" /><testcase classname="backend.tests.test_iteration10_wa_templates.TestWhatsAppTemplateErrorPropagation" name="test_hello_world_template_from_prod_number_returns_502" time="0.815" /><testcase classname="backend.tests.test_iteration10_wa_templates.TestWhatsAppTemplateErrorPropagation" name="test_failed_message_doc_persisted_with_template_meta" time="0.921" /><testcase classname="backend.tests.test_iteration10_wa_templates.TestWhatsAppTemplateErrorPropagation" name="test_unknown_template_also_502_with_meta_captured" time="0.938" /><testcase classname="backend.tests.test_iteration10_wa_templates.TestWhatsAppFreeFormBackwardsCompat" name="test_freeform_no_template_uses_send_path" time="1.169" /><testcase classname="backend.tests.test_iteration10_wa_templates.TestWhatsAppSendMessageEndpoint" name="test_freeform_backwards_compat_mock" time="0.810" /><testcase classname="backend.tests.test_iteration10_wa_templates.TestWhatsAppSendMessageEndpoint" name="test_template_no_message_field_required" time="0.584" /><testcase classname="backend.tests.test_iteration10_wa_templates.TestIsolationRegression" name="test_a_cannot_see_b_messages" time="1.502" /></testsuite></testsuites>