<?xml version="1.0" encoding="utf-8"?><testsuites name="pytest tests"><testsuite name="pytest" errors="0" failures="3" skipped="0" tests="12" time="47.532" timestamp="2026-05-15T19:44:03.783509+00:00" hostname="agent-env-8c4e4cb2-3d92-450e-b9c5-607896e3a5af"><testcase classname="backend.tests.test_iteration4.TestBruteForceLockout" name="test_5_wrong_then_6th_returns_429" time="2.270"><failure message="AssertionError: 6th expected 429, got 401 body={&quot;detail&quot;:&quot;Invalid credentials&quot;}&#10;assert 401 == 429&#10; +  where 401 = &lt;Response [401]&gt;.status_code">E   AssertionError: 6th expected 429, got 401 body={"detail":"Invalid credentials"}
    assert 401 == 429
     +  where 401 = &lt;Response [401]&gt;.status_code</failure></testcase><testcase classname="backend.tests.test_iteration4.TestBruteForceLockout" name="test_successful_login_clears_counter" time="2.413" /><testcase classname="backend.tests.test_iteration4.TestForgotPasswordRateLimit" name="test_second_call_within_60s_does_not_create_new_token" time="0.280"><failure message="AssertionError: RATE-LIMIT NOT ENFORCED: second forgot-password within 60s created another token (count 1→2). Spec requires 1/60s.&#10;assert 2 == 1">E   AssertionError: RATE-LIMIT NOT ENFORCED: second forgot-password within 60s created another token (count 1→2). Spec requires 1/60s.
    assert 2 == 1</failure></testcase><testcase classname="backend.tests.test_iteration4.TestTwoFactorAuth" name="test_setup_returns_secret_and_qr" time="0.707" /><testcase classname="backend.tests.test_iteration4.TestTwoFactorAuth" name="test_enable_with_valid_code" time="0.758" /><testcase classname="backend.tests.test_iteration4.TestTwoFactorAuth" name="test_login_otp_required_without_code" time="1.870" /><testcase classname="backend.tests.test_iteration4.TestTwoFactorAuth" name="test_disable_requires_correct_password" time="20.528"><failure message="requests.exceptions.ConnectTimeout: HTTPSConnectionPool(host='msg-hub-59.preview.emergentagent.com', port=443): Max retries exceeded with url: /api/auth/2fa/enable (Caused by ConnectTimeoutError(&lt;HTTPSConnection(host='msg-hub-59.preview.emergentagent.com', port=443) at 0xff6ab22db9d0&gt;, 'Connection to msg-hub-59.preview.emergentagent.com timed out. (connect timeout=10)'))">E   TimeoutError: timed out

The above exception was the direct cause of the following exception:
E   urllib3.exceptions.ConnectTimeoutError: (&lt;HTTPSConnection(host='msg-hub-59.preview.emergentagent.com', port=443) at 0xff6ab22db9d0&gt;, 'Connection to msg-hub-59.preview.emergentagent.com timed out. (connect timeout=10)')

The above exception was the direct cause of the following exception:
E   urllib3.exceptions.MaxRetryError: HTTPSConnectionPool(host='msg-hub-59.preview.emergentagent.com', port=443): Max retries exceeded with url: /api/auth/2fa/enable (Caused by ConnectTimeoutError(&lt;HTTPSConnection(host='msg-hub-59.preview.emergentagent.com', port=443) at 0xff6ab22db9d0&gt;, 'Connection to msg-hub-59.preview.emergentagent.com timed out. (connect timeout=10)'))

During handling of the above exception, another exception occurred:
E   requests.exceptions.ConnectTimeout: HTTPSConnectionPool(host='msg-hub-59.preview.emergentagent.com', port=443): Max retries exceeded with url: /api/auth/2fa/enable (Caused by ConnectTimeoutError(&lt;HTTPSConnection(host='msg-hub-59.preview.emergentagent.com', port=443) at 0xff6ab22db9d0&gt;, 'Connection to msg-hub-59.preview.emergentagent.com timed out. (connect timeout=10)'))</failure></testcase><testcase classname="backend.tests.test_iteration4.TestTwoFactorAuth" name="test_status_unauth_returns_401" time="0.178" /><testcase classname="backend.tests.test_iteration4.TestExports" name="test_messages_csv_streaming" time="0.558" /><testcase classname="backend.tests.test_iteration4.TestExports" name="test_invoice_csv_export" time="0.494" /><testcase classname="backend.tests.test_iteration4.TestExports" name="test_invoice_csv_agent_forbidden" time="0.533" /><testcase classname="backend.tests.test_iteration4.TestSchedulerResilience" name="test_campaign_failed_on_missing_template" time="16.769" /></testsuite></testsuites>