<?xml version="1.0" encoding="utf-8"?><testsuites name="pytest tests"><testsuite name="pytest" errors="0" failures="0" skipped="0" tests="28" time="10.682" timestamp="2026-07-12T18:47:39.878012+00:00" hostname="agent-env-8c4e4cb2-3d92-450e-b9c5-607896e3a5af"><testcase classname="backend.tests.test_iteration8_isolation.TestCompaniesAuth" name="test_duplicate_admin_email_rejected" time="1.196" /><testcase classname="backend.tests.test_iteration8_isolation.TestCompaniesAuth" name="test_me_returns_company_id_and_admin_role" time="0.874" /><testcase classname="backend.tests.test_iteration8_isolation.TestCompaniesAuth" name="test_company_admin_cannot_list_companies" time="0.094" /><testcase classname="backend.tests.test_iteration8_isolation.TestCompaniesAuth" name="test_super_admin_can_list_companies" time="0.114" /><testcase classname="backend.tests.test_iteration8_isolation.TestContactsIsolation" name="test_contact_isolation_full" time="1.035" /><testcase classname="backend.tests.test_iteration8_isolation.TestContactsIsolation" name="test_csv_import_tags_company_id" time="0.280" /><testcase classname="backend.tests.test_iteration8_isolation.TestListsIsolation" name="test_lists_scoped" time="0.297" /><testcase classname="backend.tests.test_iteration8_isolation.TestTemplatesIsolation" name="test_templates_scoped" time="0.203" /><testcase classname="backend.tests.test_iteration8_isolation.TestCampaignsMessagesCallsIsolation" name="test_campaigns_scoped" time="0.853" /><testcase classname="backend.tests.test_iteration8_isolation.TestCampaignsMessagesCallsIsolation" name="test_messages_scoped" time="0.308" /><testcase classname="backend.tests.test_iteration8_isolation.TestCampaignsMessagesCallsIsolation" name="test_calls_scoped" time="0.188" /><testcase classname="backend.tests.test_iteration8_isolation.TestCampaignsMessagesCallsIsolation" name="test_send_msg_cross_tenant_contact_404" time="0.097" /><testcase classname="backend.tests.test_iteration8_isolation.TestRBACPlatformOnly" name="test_company_admin_403" time="0.298" /><testcase classname="backend.tests.test_iteration8_isolation.TestRBACPlatformOnly" name="test_company_admin_403_provider_write" time="0.103" /><testcase classname="backend.tests.test_iteration8_isolation.TestRBACPlatformOnly" name="test_super_admin_200" time="0.304" /><testcase classname="backend.tests.test_iteration8_isolation.TestRBACPlatformOnly" name="test_provider_credentials_and_test_rbac" time="1.088" /><testcase classname="backend.tests.test_iteration8_isolation.TestDashboardAuditUsage" name="test_dashboard_stats_scoped" time="0.210" /><testcase classname="backend.tests.test_iteration8_isolation.TestDashboardAuditUsage" name="test_audit_logs_scoped" time="0.105" /><testcase classname="backend.tests.test_iteration8_isolation.TestDashboardAuditUsage" name="test_usage_scoped" time="0.209" /><testcase classname="backend.tests.test_iteration8_isolation.TestDashboardAuditUsage" name="test_invoices_scoped" time="0.206" /><testcase classname="backend.tests.test_iteration8_isolation.TestFeaturesIsolation" name="test_notice_template_scoped" time="0.200" /><testcase classname="backend.tests.test_iteration8_isolation.TestFeaturesIsolation" name="test_bill_mark_paid_cross_tenant_404" time="0.202" /><testcase classname="backend.tests.test_iteration8_isolation.TestFeaturesIsolation" name="test_voice_campaign_scoped_empty_targets" time="0.189" /><testcase classname="backend.tests.test_iteration8_isolation.TestFeaturesIsolation" name="test_reminders_upcoming_scoped" time="0.195" /><testcase classname="backend.tests.test_iteration8_isolation.TestCompanyDeleteCascade" name="test_delete_company_cascades" time="1.153" /><testcase classname="backend.tests.test_iteration8_isolation.TestCompanyDeleteCascade" name="test_provider_visibility_untouched" time="0.102" /><testcase classname="backend.tests.test_iteration8_isolation.TestSuperAdminRegression" name="test_sa_login_and_me" time="0.111" /><testcase classname="backend.tests.test_iteration8_isolation.TestSuperAdminRegression" name="test_sa_dashboard" time="0.313" /></testsuite></testsuites>