<?xml version="1.0" encoding="utf-8"?><testsuites name="pytest tests"><testsuite name="pytest" errors="0" failures="0" skipped="0" tests="11" time="5.562" timestamp="2026-07-21T13:06:07.957882+00:00" hostname="agent-env-8c4e4cb2-3d92-450e-b9c5-607896e3a5af"><testcase classname="backend.tests.test_iteration18_inbox.TestConversationsList" name="test_list_returns_expected_fields" time="0.574" /><testcase classname="backend.tests.test_iteration18_inbox.TestConversationsList" name="test_search_q_filter" time="2.536" /><testcase classname="backend.tests.test_iteration18_inbox.TestConversationsList" name="test_unread_only_filter" time="0.137" /><testcase classname="backend.tests.test_iteration18_inbox.TestTimeline" name="test_timeline_ascending_and_pagination" time="0.335" /><testcase classname="backend.tests.test_iteration18_inbox.TestTimeline" name="test_timeline_no_params_backward_compat" time="0.093" /><testcase classname="backend.tests.test_iteration18_inbox.TestMarkRead" name="test_mark_read_clears_unread" time="0.478" /><testcase classname="backend.tests.test_iteration18_inbox.TestAssign" name="test_assign_non_tenant_agent_404" time="0.127" /><testcase classname="backend.tests.test_iteration18_inbox.TestAssign" name="test_unassign" time="0.166" /><testcase classname="backend.tests.test_iteration18_inbox.TestAssign" name="test_agent_cannot_assign" time="0.572" /><testcase classname="backend.tests.test_iteration18_inbox.TestInternalNotes" name="test_add_note_and_visible_in_timeline" time="0.245" /><testcase classname="backend.tests.test_iteration18_inbox.TestInternalNotes" name="test_empty_note_rejected" time="0.217" /></testsuite></testsuites>