<?xml version="1.0" encoding="utf-8"?><testsuites name="pytest tests"><testsuite name="pytest" errors="0" failures="0" skipped="0" tests="13" time="9.124" timestamp="2026-07-18T12:28:54.364332+00:00" hostname="agent-env-8c4e4cb2-3d92-450e-b9c5-607896e3a5af"><testcase classname="backend.tests.test_iteration16_media_inbox.TestWalletsList" name="test_wallets_lists_all_companies_incl_new" time="1.851" /><testcase classname="backend.tests.test_iteration16_media_inbox.TestWalletsList" name="test_tenant_wallet_get" time="0.128" /><testcase classname="backend.tests.test_iteration16_media_inbox.TestSendMedia" name="test_insufficient_balance_returns_402" time="0.107" /><testcase classname="backend.tests.test_iteration16_media_inbox.TestSendMedia" name="test_send_media_debits_40_paise_and_persists" time="2.384" /><testcase classname="backend.tests.test_iteration16_media_inbox.TestSendMedia" name="test_empty_file_returns_400" time="0.134" /><testcase classname="backend.tests.test_iteration16_media_inbox.TestSendMedia" name="test_oversized_file_returns_413" time="0.779" /><testcase classname="backend.tests.test_iteration16_media_inbox.TestSendMedia" name="test_mime_detection_pdf_is_document" time="1.648" /><testcase classname="backend.tests.test_iteration16_media_inbox.TestMediaAuthScope" name="test_invalid_gridfs_id_returns_400" time="0.091" /><testcase classname="backend.tests.test_iteration16_media_inbox.TestMediaAuthScope" name="test_super_admin_can_fetch_any_media" time="0.093" /><testcase classname="backend.tests.test_iteration16_media_inbox.TestMediaAuthScope" name="test_other_tenant_gets_403" time="0.094" /><testcase classname="backend.tests.test_iteration16_media_inbox.TestMediaAuthScope" name="test_owning_tenant_can_fetch" time="0.093" /><testcase classname="backend.tests.test_iteration16_media_inbox.TestRegression" name="test_text_send_still_works" time="0.895" /><testcase classname="backend.tests.test_iteration16_media_inbox.TestRegression" name="test_template_send_path" time="0.694" /></testsuite></testsuites>