<?xml version="1.0" encoding="utf-8"?><testsuites name="pytest tests"><testsuite name="pytest" errors="0" failures="0" skipped="0" tests="18" time="8.461" timestamp="2026-07-18T10:56:03.705387+00:00" hostname="agent-env-8c4e4cb2-3d92-450e-b9c5-607896e3a5af"><testcase classname="backend.tests.test_iteration14_wallet_razorpay_templates.TestWallet" name="test_ca_get_wallet_fresh_zero" time="1.193" /><testcase classname="backend.tests.test_iteration14_wallet_razorpay_templates.TestWallet" name="test_sa_get_wallet_400" time="0.092" /><testcase classname="backend.tests.test_iteration14_wallet_razorpay_templates.TestWallet" name="test_sa_list_all_wallets_enriched" time="0.099" /><testcase classname="backend.tests.test_iteration14_wallet_razorpay_templates.TestWallet" name="test_ca_cannot_list_all_wallets" time="0.093" /><testcase classname="backend.tests.test_iteration14_wallet_razorpay_templates.TestWallet" name="test_ca_cannot_adjust" time="0.091" /><testcase classname="backend.tests.test_iteration14_wallet_razorpay_templates.TestWallet" name="test_sa_credit_100_rupees" time="0.224" /><testcase classname="backend.tests.test_iteration14_wallet_razorpay_templates.TestWallet" name="test_sa_debit_more_than_balance_rejected_and_restored" time="0.291" /><testcase classname="backend.tests.test_iteration14_wallet_razorpay_templates.TestSendDebitBlock" name="test_debit_25p_on_sms_send" time="1.118" /><testcase classname="backend.tests.test_iteration14_wallet_razorpay_templates.TestSendDebitBlock" name="test_send_blocked_when_insufficient_402" time="0.386" /><testcase classname="backend.tests.test_iteration14_wallet_razorpay_templates.TestRazorpay" name="test_config_returns_unconfigured" time="0.091" /><testcase classname="backend.tests.test_iteration14_wallet_razorpay_templates.TestRazorpay" name="test_order_below_min_400" time="0.095" /><testcase classname="backend.tests.test_iteration14_wallet_razorpay_templates.TestRazorpay" name="test_order_without_keys_503" time="0.093" /><testcase classname="backend.tests.test_iteration14_wallet_razorpay_templates.TestRazorpay" name="test_sa_order_400" time="0.091" /><testcase classname="backend.tests.test_iteration14_wallet_razorpay_templates.TestTemplateBuilder" name="test_sa_create_template_utility_pending" time="2.176" /><testcase classname="backend.tests.test_iteration14_wallet_razorpay_templates.TestTemplateBuilder" name="test_invalid_category_400" time="0.114" /><testcase classname="backend.tests.test_iteration14_wallet_razorpay_templates.TestTemplateBuilder" name="test_empty_body_text_422" time="0.091" /><testcase classname="backend.tests.test_iteration14_wallet_razorpay_templates.TestTemplateBuilder" name="test_delete_created_template" time="1.826" /><testcase classname="backend.tests.test_iteration14_wallet_razorpay_templates.TestTemplateBuilder" name="test_ca_without_wa_config_400" time="0.200" /></testsuite></testsuites>