<?xml version="1.0" encoding="utf-8"?><testsuites name="pytest tests"><testsuite name="pytest" errors="0" failures="0" skipped="2" tests="16" time="8.046" timestamp="2026-06-21T15:32:35.208653+00:00" hostname="agent-env-8c4e4cb2-3d92-450e-b9c5-607896e3a5af"><testcase classname="backend.tests.test_iteration5.TestBills" name="test_upload_returns_batch_id_and_count" time="2.183"><skipped type="pytest.xfail" message="EMERGENT_LLM_KEY budget exhausted — LLM returned no bills (env limit, not code)" /></testcase><testcase classname="backend.tests.test_iteration5.TestBills" name="test_list_bills_by_batch" time="0.100"><skipped type="pytest.xfail" message="LLM budget exhausted; no rows to verify" /></testcase><testcase classname="backend.tests.test_iteration5.TestBills" name="test_list_batches" time="0.105" /><testcase classname="backend.tests.test_iteration5.TestBills" name="test_send_bills_whatsapp" time="0.212" /><testcase classname="backend.tests.test_iteration5.TestBills" name="test_send_bills_email_uses_email_adapter" time="0.124" /><testcase classname="backend.tests.test_iteration5.TestBills" name="test_delete_batch_admin" time="0.231" /><testcase classname="backend.tests.test_iteration5.TestNotices" name="test_agent_cannot_create_template" time="0.423" /><testcase classname="backend.tests.test_iteration5.TestNotices" name="test_admin_create_template" time="0.102" /><testcase classname="backend.tests.test_iteration5.TestNotices" name="test_preview_returns_pdf" time="0.506" /><testcase classname="backend.tests.test_iteration5.TestNotices" name="test_send_notices_email" time="0.248" /><testcase classname="backend.tests.test_iteration5.TestNotices" name="test_cleanup_template" time="0.109" /><testcase classname="backend.tests.test_iteration5.TestVoice" name="test_create_voice_campaign" time="1.322" /><testcase classname="backend.tests.test_iteration5.TestVoice" name="test_list_voice_campaigns_contains" time="0.107" /><testcase classname="backend.tests.test_iteration5.TestAuthFixes" name="test_brute_force_email_only" time="1.770" /><testcase classname="backend.tests.test_iteration5.TestAuthFixes" name="test_forgot_password_60s_ratelimit" time="0.198" /><testcase classname="backend.tests.test_iteration5" name="test_email_in_adapters" time="0.098" /></testsuite></testsuites>