<?xml version="1.0" encoding="utf-8"?><testsuites name="pytest tests"><testsuite name="pytest" errors="0" failures="1" skipped="0" tests="5" time="2.326" timestamp="2026-07-16T12:29:25.265679+00:00" hostname="agent-env-8c4e4cb2-3d92-450e-b9c5-607896e3a5af"><testcase classname="backend.tests.test_iteration11_cloudflare_502_fix.TestCloudflare502Fix" name="test_messages_send_hello_world_returns_400_json" time="1.238" /><testcase classname="backend.tests.test_iteration11_cloudflare_502_fix.TestCloudflare502Fix" name="test_whatsapp_send_message_hello_world_returns_400_json" time="0.402" /><testcase classname="backend.tests.test_iteration11_cloudflare_502_fix.TestCloudflare502Fix" name="test_invalid_template_name_returns_400_json" time="0.401" /><testcase classname="backend.tests.test_iteration11_cloudflare_502_fix.TestRegression" name="test_sms_send_still_returns_200_mock" time="0.053" /><testcase classname="backend.tests.test_iteration11_cloudflare_502_fix.TestRegression" name="test_health_endpoint" time="0.050"><failure message="assert 404 == 200&#10; +  where 404 = &lt;Response [404]&gt;.status_code">backend/tests/test_iteration11_cloudflare_502_fix.py:112: in test_health_endpoint
    assert r.status_code == 200
E   assert 404 == 200
E    +  where 404 = &lt;Response [404]&gt;.status_code</failure></testcase></testsuite></testsuites>