<?xml version="1.0" encoding="utf-8"?><testsuites name="pytest tests"><testsuite name="pytest" errors="0" failures="0" skipped="0" tests="19" time="8.662" timestamp="2026-07-21T12:41:45.780916+00:00" hostname="agent-env-8c4e4cb2-3d92-450e-b9c5-607896e3a5af"><testcase classname="backend.tests.test_iteration17_wa_multi_number.TestMigration" name="test_migration_is_primary_backfilled" time="0.520" /><testcase classname="backend.tests.test_iteration17_wa_multi_number.TestCRUD" name="test_list_empty_for_new_tenant" time="0.740" /><testcase classname="backend.tests.test_iteration17_wa_multi_number.TestCRUD" name="test_sa_cannot_add_number" time="0.107" /><testcase classname="backend.tests.test_iteration17_wa_multi_number.TestCRUD" name="test_add_first_number_becomes_primary" time="0.103" /><testcase classname="backend.tests.test_iteration17_wa_multi_number.TestCRUD" name="test_add_second_number_not_primary_by_default" time="0.099" /><testcase classname="backend.tests.test_iteration17_wa_multi_number.TestCRUD" name="test_duplicate_phone_number_id_returns_409" time="0.094" /><testcase classname="backend.tests.test_iteration17_wa_multi_number.TestCRUD" name="test_patch_promote_to_primary_demotes_other" time="0.199" /><testcase classname="backend.tests.test_iteration17_wa_multi_number.TestCRUD" name="test_patch_cannot_unset_primary" time="0.088" /><testcase classname="backend.tests.test_iteration17_wa_multi_number.TestCRUD" name="test_patch_update_fields" time="0.101" /><testcase classname="backend.tests.test_iteration17_wa_multi_number.TestCRUD" name="test_delete_primary_forbidden_when_others_exist" time="0.108" /><testcase classname="backend.tests.test_iteration17_wa_multi_number.TestCRUD" name="test_delete_non_primary_ok" time="0.207" /><testcase classname="backend.tests.test_iteration17_wa_multi_number.TestCRUD" name="test_delete_last_remaining_ok" time="0.209" /><testcase classname="backend.tests.test_iteration17_wa_multi_number.TestPerNumberOps" name="test_test_endpoint_on_mock_number" time="0.302" /><testcase classname="backend.tests.test_iteration17_wa_multi_number.TestPerNumberOps" name="test_sync_requires_live_creds" time="0.456" /><testcase classname="backend.tests.test_iteration17_wa_multi_number.TestLegacyConfig" name="test_get_legacy_config_after_put" time="0.217" /><testcase classname="backend.tests.test_iteration17_wa_multi_number.TestLegacyConfig" name="test_legacy_delete_blocked_with_multiple_numbers" time="0.407" /><testcase classname="backend.tests.test_iteration17_wa_multi_number.TestSendRouting" name="test_send_message_persists_phone_number_id" time="1.343" /><testcase classname="backend.tests.test_iteration17_wa_multi_number.TestTemplatesScope" name="test_nstu_primary_is_mock_returns_no_live" time="1.743" /><testcase classname="backend.tests.test_iteration17_wa_multi_number.TestInboundWebhook" name="test_webhook_persists_metadata_phone_number_id" time="1.518" /></testsuite></testsuites>