<?xml version="1.0" encoding="utf-8"?><testsuites name="pytest tests"><testsuite name="pytest" errors="0" failures="0" skipped="0" tests="20" time="9.103" timestamp="2026-07-22T16:41:34.306375+00:00" hostname="agent-env-8c4e4cb2-3d92-450e-b9c5-607896e3a5af"><testcase classname="backend.tests.test_iteration20_wa_isolation_webhooks.TestWATenantIsolation" name="test_demo_tenant_uses_own_fake_token" time="0.554" /><testcase classname="backend.tests.test_iteration20_wa_isolation_webhooks.TestWATenantIsolation" name="test_acme_tenant_uses_own_fake_token" time="0.555" /><testcase classname="backend.tests.test_iteration20_wa_isolation_webhooks.TestWATenantIsolation" name="test_tenant_no_config_returns_cta" time="0.053" /><testcase classname="backend.tests.test_iteration20_wa_isolation_webhooks.TestWATenantIsolation" name="test_tenant_mock_mode_returns_cta" time="0.057" /><testcase classname="backend.tests.test_iteration20_wa_isolation_webhooks.TestWATenantIsolation" name="test_sa_can_still_send_via_env" time="0.994" /><testcase classname="backend.tests.test_iteration20_wa_isolation_webhooks.TestRazorpayWebhook" name="test_invalid_signature_401" time="0.144" /><testcase classname="backend.tests.test_iteration20_wa_isolation_webhooks.TestRazorpayWebhook" name="test_payment_captured_credits_and_idempotent" time="0.506" /><testcase classname="backend.tests.test_iteration20_wa_isolation_webhooks.TestRazorpayWebhook" name="test_payment_failed_marks_order_failed" time="0.164" /><testcase classname="backend.tests.test_iteration20_wa_isolation_webhooks.TestRazorpayWebhook" name="test_refund_processed_debits_wallet" time="0.231" /><testcase classname="backend.tests.test_iteration20_wa_isolation_webhooks.TestSecurityHeaders" name="test_headers_present" time="0.061" /><testcase classname="backend.tests.test_iteration20_wa_isolation_webhooks.TestMetrics" name="test_metrics_exposes_series" time="1.186" /><testcase classname="backend.tests.test_iteration20_wa_isolation_webhooks.TestContactImport" name="test_xlsx_import" time="0.315" /><testcase classname="backend.tests.test_iteration20_wa_isolation_webhooks.TestForwardAndContactCard" name="test_forward_empty_contacts" time="0.048" /><testcase classname="backend.tests.test_iteration20_wa_isolation_webhooks.TestForwardAndContactCard" name="test_forward_missing_source" time="0.055" /><testcase classname="backend.tests.test_iteration20_wa_isolation_webhooks.TestForwardAndContactCard" name="test_contact_card_uses_tenant_creds" time="0.168" /><testcase classname="backend.tests.test_iteration20_wa_isolation_webhooks.TestCookieAuth" name="test_login_sets_httponly_cookies_and_body" time="0.401" /><testcase classname="backend.tests.test_iteration20_wa_isolation_webhooks.TestCookieAuth" name="test_cookie_only_me_and_refresh" time="1.622" /><testcase classname="backend.tests.test_iteration20_wa_isolation_webhooks.TestCookieAuth" name="test_logout_clears_cookies" time="0.490" /><testcase classname="backend.tests.test_iteration20_wa_isolation_webhooks.TestEncryptionAtRest" name="test_wa_config_encrypted_and_preview" time="0.175" /><testcase classname="backend.tests.test_iteration20_wa_isolation_webhooks.TestAuthRateLimit" name="test_rapid_bad_logins_get_blocked" time="0.998" /></testsuite></testsuites>