<?xml version="1.0" encoding="utf-8"?><testsuites name="pytest tests"><testsuite name="pytest" errors="0" failures="0" skipped="0" tests="23" time="10.712" timestamp="2026-07-22T16:48:18.283870+00:00" hostname="agent-env-8c4e4cb2-3d92-450e-b9c5-607896e3a5af"><testcase classname="backend.tests.test_iteration21_minor_fixes.TestSendContactCardErrorHandling" name="test_meta_4xx_returns_400_not_500_and_refunds_wallet" time="0.858" /><testcase classname="backend.tests.test_iteration21_minor_fixes.TestRefundIdempotency" name="test_refund_dedup_by_refund_id" time="0.370" /><testcase classname="backend.tests.test_iteration21_minor_fixes.TestLogoutBumpsTokenVersion" name="test_stale_access_token_invalidated_after_logout" time="0.578" /><testcase classname="backend.tests.test_iteration20_wa_isolation_webhooks.TestWATenantIsolation" name="test_demo_tenant_uses_own_fake_token" time="0.475" /><testcase classname="backend.tests.test_iteration20_wa_isolation_webhooks.TestWATenantIsolation" name="test_acme_tenant_uses_own_fake_token" time="0.483" /><testcase classname="backend.tests.test_iteration20_wa_isolation_webhooks.TestWATenantIsolation" name="test_tenant_no_config_returns_cta" time="0.062" /><testcase classname="backend.tests.test_iteration20_wa_isolation_webhooks.TestWATenantIsolation" name="test_tenant_mock_mode_returns_cta" time="0.051" /><testcase classname="backend.tests.test_iteration20_wa_isolation_webhooks.TestWATenantIsolation" name="test_sa_can_still_send_via_env" time="0.992" /><testcase classname="backend.tests.test_iteration20_wa_isolation_webhooks.TestRazorpayWebhook" name="test_invalid_signature_401" time="0.120" /><testcase classname="backend.tests.test_iteration20_wa_isolation_webhooks.TestRazorpayWebhook" name="test_payment_captured_credits_and_idempotent" time="0.321" /><testcase classname="backend.tests.test_iteration20_wa_isolation_webhooks.TestRazorpayWebhook" name="test_payment_failed_marks_order_failed" time="0.118" /><testcase classname="backend.tests.test_iteration20_wa_isolation_webhooks.TestRazorpayWebhook" name="test_refund_processed_debits_wallet" time="0.225" /><testcase classname="backend.tests.test_iteration20_wa_isolation_webhooks.TestSecurityHeaders" name="test_headers_present" time="0.068" /><testcase classname="backend.tests.test_iteration20_wa_isolation_webhooks.TestMetrics" name="test_metrics_exposes_series" time="1.185" /><testcase classname="backend.tests.test_iteration20_wa_isolation_webhooks.TestContactImport" name="test_xlsx_import" time="0.305" /><testcase classname="backend.tests.test_iteration20_wa_isolation_webhooks.TestForwardAndContactCard" name="test_forward_empty_contacts" time="0.050" /><testcase classname="backend.tests.test_iteration20_wa_isolation_webhooks.TestForwardAndContactCard" name="test_forward_missing_source" time="0.049" /><testcase classname="backend.tests.test_iteration20_wa_isolation_webhooks.TestForwardAndContactCard" name="test_contact_card_uses_tenant_creds" time="0.186" /><testcase classname="backend.tests.test_iteration20_wa_isolation_webhooks.TestCookieAuth" name="test_login_sets_httponly_cookies_and_body" time="0.370" /><testcase classname="backend.tests.test_iteration20_wa_isolation_webhooks.TestCookieAuth" name="test_cookie_only_me_and_refresh" time="1.593" /><testcase classname="backend.tests.test_iteration20_wa_isolation_webhooks.TestCookieAuth" name="test_logout_clears_cookies" time="0.487" /><testcase classname="backend.tests.test_iteration20_wa_isolation_webhooks.TestEncryptionAtRest" name="test_wa_config_encrypted_and_preview" time="0.488" /><testcase classname="backend.tests.test_iteration20_wa_isolation_webhooks.TestAuthRateLimit" name="test_rapid_bad_logins_get_blocked" time="0.916" /></testsuite></testsuites>