<?xml version="1.0" encoding="utf-8"?><testsuites name="pytest tests"><testsuite name="pytest" errors="0" failures="0" skipped="0" tests="18" time="77.031" timestamp="2026-07-18T11:32:44.847443+00:00" hostname="agent-env-8c4e4cb2-3d92-450e-b9c5-607896e3a5af"><testcase classname="backend.tests.test_iteration15_ws_rbac_email_campaigns.TestWebSocket" name="test_ws_valid_jwt_connects" time="0.632" /><testcase classname="backend.tests.test_iteration15_ws_rbac_email_campaigns.TestWebSocket" name="test_ws_bad_token_rejected" time="0.139" /><testcase classname="backend.tests.test_iteration15_ws_rbac_email_campaigns.TestWebSocket" name="test_ws_missing_token_validation_error" time="0.145" /><testcase classname="backend.tests.test_iteration15_ws_rbac_email_campaigns.TestWebSocket" name="test_ws_tenant_isolation_message_event" time="4.076" /><testcase classname="backend.tests.test_iteration15_ws_rbac_email_campaigns.TestRBACv2" name="test_sa_can_create_manager" time="0.435" /><testcase classname="backend.tests.test_iteration15_ws_rbac_email_campaigns.TestRBACv2" name="test_ca_can_create_manager" time="0.421" /><testcase classname="backend.tests.test_iteration15_ws_rbac_email_campaigns.TestRBACv2" name="test_ca_cannot_create_admin" time="0.102" /><testcase classname="backend.tests.test_iteration15_ws_rbac_email_campaigns.TestRBACv2" name="test_ca_cannot_create_super_admin" time="0.107" /><testcase classname="backend.tests.test_iteration15_ws_rbac_email_campaigns.TestRBACv2" name="test_ca_can_create_agent_backcompat" time="0.422" /><testcase classname="backend.tests.test_iteration15_ws_rbac_email_campaigns.TestRBACv2" name="test_manager_can_read_contacts_but_not_delete" time="35.361" /><testcase classname="backend.tests.test_iteration15_ws_rbac_email_campaigns.TestEmail" name="test_email_config_sa_returns_unconfigured" time="0.101" /><testcase classname="backend.tests.test_iteration15_ws_rbac_email_campaigns.TestEmail" name="test_email_config_ca_forbidden" time="0.090" /><testcase classname="backend.tests.test_iteration15_ws_rbac_email_campaigns.TestEmail" name="test_email_test_returns_503_when_unconfigured" time="0.099" /><testcase classname="backend.tests.test_iteration15_ws_rbac_email_campaigns.TestCampaignControl" name="test_pause_running_campaign" time="20.775" /><testcase classname="backend.tests.test_iteration15_ws_rbac_email_campaigns.TestCampaignControl" name="test_pause_completed_campaign_returns_400" time="12.679" /><testcase classname="backend.tests.test_iteration15_ws_rbac_email_campaigns.TestCampaignControl" name="test_cancel_running_campaign" time="0.666" /><testcase classname="backend.tests.test_iteration15_ws_rbac_email_campaigns.TestRegression" name="test_send_single_message_still_works" time="0.378" /><testcase classname="backend.tests.test_iteration15_ws_rbac_email_campaigns.TestRegression" name="test_sa_wallets_isolation" time="0.302" /></testsuite></testsuites>