<?xml version="1.0" encoding="utf-8"?><testsuites name="pytest tests"><testsuite name="pytest" errors="0" failures="0" skipped="0" tests="29" time="9.089" timestamp="2026-07-02T17:17:10.013890+00:00" hostname="agent-env-8c4e4cb2-3d92-450e-b9c5-607896e3a5af"><testcase classname="backend.tests.test_iteration6.TestAuth" name="test_admin_login" time="0.373" /><testcase classname="backend.tests.test_iteration6.TestAuth" name="test_agent_login" time="0.347" /><testcase classname="backend.tests.test_iteration6.TestSmartReminders" name="test_enable_reminders_creates_three_schedules" time="0.124" /><testcase classname="backend.tests.test_iteration6.TestSmartReminders" name="test_enable_reminders_skips_without_due_date" time="0.113" /><testcase classname="backend.tests.test_iteration6.TestSmartReminders" name="test_get_bill_schedules" time="0.215" /><testcase classname="backend.tests.test_iteration6.TestSmartReminders" name="test_upcoming_reminders_enriched" time="0.207" /><testcase classname="backend.tests.test_iteration6.TestSmartReminders" name="test_mark_paid_cancels_schedules" time="0.219" /><testcase classname="backend.tests.test_iteration6.TestInvoicePDF" name="test_admin_can_download_pdf" time="0.585" /><testcase classname="backend.tests.test_iteration6.TestInvoicePDF" name="test_agent_forbidden" time="0.098" /><testcase classname="backend.tests.test_iteration6.TestInvoicePDF" name="test_csv_export_still_works" time="0.106" /><testcase classname="backend.tests.test_iteration6.TestRegression" name="test_invoices_list" time="0.099" /><testcase classname="backend.tests.test_iteration6.TestRegression" name="test_notice_templates_list" time="0.104" /><testcase classname="backend.tests.test_iteration6.TestRegression" name="test_voice_campaigns_list" time="0.132" /><testcase classname="backend.tests.test_iteration6.TestRegression" name="test_bills_list" time="0.097" /><testcase classname="backend.tests.test_iteration6.TestRegression" name="test_bills_upload_endpoint_exists" time="0.111" /><testcase classname="backend.tests.test_iteration7_airtel.TestRebrand" name="test_root_endpoint_name" time="0.097" /><testcase classname="backend.tests.test_iteration7_airtel.TestProviders" name="test_providers_include_airtel_iq" time="0.442" /><testcase classname="backend.tests.test_iteration7_airtel.TestAirtelWebhooks" name="test_sms_dlr_no_signature_returns_200_and_row" time="0.119" /><testcase classname="backend.tests.test_iteration7_airtel.TestAirtelWebhooks" name="test_sms_dlr_correlates_and_transitions_status" time="2.357" /><testcase classname="backend.tests.test_iteration7_airtel.TestAirtelWebhooks" name="test_whatsapp_inbound_creates_contact_and_message" time="0.114" /><testcase classname="backend.tests.test_iteration7_airtel.TestAirtelWebhooks" name="test_voice_status_returns_200" time="0.135" /><testcase classname="backend.tests.test_iteration7_airtel.TestMessageSendSMS" name="test_send_sms_creates_queued_message_with_pmid" time="1.714" /><testcase classname="backend.tests.test_iteration7_airtel.TestRegression" name="test_login_admin" time="0.331" /><testcase classname="backend.tests.test_iteration7_airtel.TestRegression" name="test_contacts_list" time="0.101" /><testcase classname="backend.tests.test_iteration7_airtel.TestRegression" name="test_campaigns_list" time="0.111" /><testcase classname="backend.tests.test_iteration7_airtel.TestRegression" name="test_reminders_upcoming" time="0.101" /><testcase classname="backend.tests.test_iteration7_airtel.TestRegression" name="test_invoice_pdf" time="0.181" /><testcase classname="backend.tests.test_iteration7_airtel.TestRegression" name="test_mark_paid_missing_bill_404" time="0.105" /><testcase classname="backend.tests.test_iteration7_airtel.TestRegression" name="test_enable_reminders_empty_422" time="0.101" /></testsuite></testsuites>