<?xml version="1.0" encoding="utf-8"?><testsuites name="pytest tests"><testsuite name="pytest" errors="0" failures="0" skipped="0" tests="22" time="8.631" timestamp="2026-07-14T12:38:24.111340+00:00" hostname="agent-env-8c4e4cb2-3d92-450e-b9c5-607896e3a5af"><testcase classname="backend.tests.test_iteration9_wa_pertenant.TestPlatformView" name="test_sa_get_platform_view" time="0.639" /><testcase classname="backend.tests.test_iteration9_wa_pertenant.TestPlatformView" name="test_company_admin_get_before_save" time="1.543" /><testcase classname="backend.tests.test_iteration9_wa_pertenant.TestPutAndMasking" name="test_put_creates_config_and_returns_masked" time="0.144" /><testcase classname="backend.tests.test_iteration9_wa_pertenant.TestPutAndMasking" name="test_get_returns_masked_only" time="0.141" /><testcase classname="backend.tests.test_iteration9_wa_pertenant.TestPutAndMasking" name="test_partial_update_preserves_token" time="0.142" /><testcase classname="backend.tests.test_iteration9_wa_pertenant.TestTestConnection" name="test_test_connection_with_fake_token" time="0.395" /><testcase classname="backend.tests.test_iteration9_wa_pertenant.TestCrossTenantIsolation" name="test_b_sees_own_empty_config" time="0.098" /><testcase classname="backend.tests.test_iteration9_wa_pertenant.TestCrossTenantIsolation" name="test_b_can_create_own_and_verify_tokens_differ" time="0.204" /><testcase classname="backend.tests.test_iteration9_wa_pertenant.TestSARestrictions" name="test_sa_put_400" time="0.103" /><testcase classname="backend.tests.test_iteration9_wa_pertenant.TestSARestrictions" name="test_sa_test_400" time="0.103" /><testcase classname="backend.tests.test_iteration9_wa_pertenant.TestSARestrictions" name="test_sa_delete_400" time="0.099" /><testcase classname="backend.tests.test_iteration9_wa_pertenant.TestTenantWebhook" name="test_verify_correct_token_200" time="0.225" /><testcase classname="backend.tests.test_iteration9_wa_pertenant.TestTenantWebhook" name="test_verify_wrong_tenant_token_403" time="0.213" /><testcase classname="backend.tests.test_iteration9_wa_pertenant.TestTenantWebhook" name="test_verify_unknown_company_404" time="0.104" /><testcase classname="backend.tests.test_iteration9_wa_pertenant.TestTenantWebhook" name="test_inbound_post_unknown_company_404" time="0.115" /><testcase classname="backend.tests.test_iteration9_wa_pertenant.TestTenantWebhook" name="test_inbound_post_with_signature_required" time="0.115" /><testcase classname="backend.tests.test_iteration9_wa_pertenant.TestTenantWebhook" name="test_inbound_post_with_valid_signature_accepts" time="0.369" /><testcase classname="backend.tests.test_iteration9_wa_pertenant.TestTenantWebhook" name="test_inbound_post_a_no_app_secret_accepts_without_sig" time="0.221" /><testcase classname="backend.tests.test_iteration9_wa_pertenant.TestSendRouting" name="test_send_uses_tenant_company_id" time="1.722" /><testcase classname="backend.tests.test_iteration9_wa_pertenant.TestLegacyGlobalWebhook" name="test_global_verify_still_reachable" time="0.104" /><testcase classname="backend.tests.test_iteration9_wa_pertenant.TestDeleteAndCascade" name="test_delete_own_config" time="0.214" /><testcase classname="backend.tests.test_iteration9_wa_pertenant.TestDeleteAndCascade" name="test_company_delete_cascade_removes_wa_config" time="1.415" /></testsuite></testsuites>