<?xml version="1.0" encoding="utf-8"?><testsuites name="pytest tests"><testsuite name="pytest" errors="0" failures="1" skipped="0" tests="7" time="4.926" timestamp="2026-07-16T13:12:06.286980+00:00" hostname="agent-env-8c4e4cb2-3d92-450e-b9c5-607896e3a5af"><testcase classname="backend.tests.test_iteration12_wa_templates_list.TestTemplatesEndpoint" name="test_sa_lists_templates_via_env_fallback" time="1.136" /><testcase classname="backend.tests.test_iteration12_wa_templates_list.TestTemplatesEndpoint" name="test_status_filter_approved" time="0.524" /><testcase classname="backend.tests.test_iteration12_wa_templates_list.TestTemplatesEndpoint" name="test_body_preview_and_variable_count_helpers" time="0.473" /><testcase classname="backend.tests.test_iteration12_wa_templates_list.TestTemplatesEndpoint" name="test_company_admin_no_waba_returns_error_no_crash" time="1.328"><failure message="assert True is False">backend/tests/test_iteration12_wa_templates_list.py:87: in test_company_admin_no_waba_returns_error_no_crash
    assert j["ok"] is False
E   assert True is False</failure></testcase><testcase classname="backend.tests.test_iteration12_wa_templates_list.TestTemplatesEndpoint" name="test_company_admin_with_valid_waba_returns_templates" time="0.623" /><testcase classname="backend.tests.test_iteration12_wa_templates_list.TestWhatsAppConfigWabaId" name="test_put_config_accepts_waba_id_and_mask_returns_it" time="0.256" /><testcase classname="backend.tests.test_iteration12_wa_templates_list.TestRegressionIteration11" name="test_sa_login_still_ok" time="0.511" /></testsuite></testsuites>