<?xml version="1.0" encoding="utf-8"?><testsuites name="pytest tests"><testsuite name="pytest" errors="0" failures="0" skipped="0" tests="8" time="4.426" timestamp="2026-07-16T13:20:03.885875+00:00" hostname="agent-env-8c4e4cb2-3d92-450e-b9c5-607896e3a5af"><testcase classname="backend.tests.test_iteration13_wa_templates_isolation.TestTenantIsolationFix" name="test_ca_without_any_wa_config_returns_ok_false_no_env_leak" time="1.320" /><testcase classname="backend.tests.test_iteration13_wa_templates_isolation.TestTenantIsolationFix" name="test_ca_with_config_but_no_waba_id_returns_waba_error" time="0.285" /><testcase classname="backend.tests.test_iteration13_wa_templates_isolation.TestTenantIsolationFix" name="test_ca_with_full_config_uses_own_waba" time="0.776" /><testcase classname="backend.tests.test_iteration13_wa_templates_isolation.TestTenantIsolationFix" name="test_sa_env_fallback_still_works" time="0.501" /><testcase classname="backend.tests.test_iteration13_wa_templates_isolation.TestTenantIsolationFix" name="test_status_filter_approved_sa" time="0.504" /><testcase classname="backend.tests.test_iteration13_wa_templates_isolation.TestTenantIsolationFix" name="test_status_filter_approved_tenant" time="0.420" /><testcase classname="backend.tests.test_iteration13_wa_templates_isolation.TestRegression" name="test_sa_login" time="0.330" /><testcase classname="backend.tests.test_iteration13_wa_templates_isolation.TestRegression" name="test_wa_config_get_still_works" time="0.232" /></testsuite></testsuites>