<?xml version="1.0" encoding="utf-8"?><testsuites name="pytest tests"><testsuite name="pytest" errors="0" failures="0" skipped="0" tests="15" time="3.234" timestamp="2026-06-21T15:52:55.338829+00:00" hostname="agent-env-8c4e4cb2-3d92-450e-b9c5-607896e3a5af"><testcase classname="backend.tests.test_iteration6.TestAuth" name="test_admin_login" time="0.457" /><testcase classname="backend.tests.test_iteration6.TestAuth" name="test_agent_login" time="0.327" /><testcase classname="backend.tests.test_iteration6.TestSmartReminders" name="test_enable_reminders_creates_three_schedules" time="0.118" /><testcase classname="backend.tests.test_iteration6.TestSmartReminders" name="test_enable_reminders_skips_without_due_date" time="0.129" /><testcase classname="backend.tests.test_iteration6.TestSmartReminders" name="test_get_bill_schedules" time="0.213" /><testcase classname="backend.tests.test_iteration6.TestSmartReminders" name="test_upcoming_reminders_enriched" time="0.206" /><testcase classname="backend.tests.test_iteration6.TestSmartReminders" name="test_mark_paid_cancels_schedules" time="0.250" /><testcase classname="backend.tests.test_iteration6.TestInvoicePDF" name="test_admin_can_download_pdf" time="0.550" /><testcase classname="backend.tests.test_iteration6.TestInvoicePDF" name="test_agent_forbidden" time="0.225" /><testcase classname="backend.tests.test_iteration6.TestInvoicePDF" name="test_csv_export_still_works" time="0.103" /><testcase classname="backend.tests.test_iteration6.TestRegression" name="test_invoices_list" time="0.097" /><testcase classname="backend.tests.test_iteration6.TestRegression" name="test_notice_templates_list" time="0.096" /><testcase classname="backend.tests.test_iteration6.TestRegression" name="test_voice_campaigns_list" time="0.134" /><testcase classname="backend.tests.test_iteration6.TestRegression" name="test_bills_list" time="0.100" /><testcase classname="backend.tests.test_iteration6.TestRegression" name="test_bills_upload_endpoint_exists" time="0.099" /></testsuite></testsuites>