<?xml version="1.0" encoding="utf-8"?><testsuites name="pytest tests"><testsuite name="pytest" errors="0" failures="1" skipped="0" tests="28" time="28.812" timestamp="2026-05-15T18:35:51.695193+00:00" hostname="agent-env-8c4e4cb2-3d92-450e-b9c5-607896e3a5af"><testcase classname="backend.tests.backend_test.TestAuth" name="test_login_admin_returns_token_and_cookie" time="0.443" /><testcase classname="backend.tests.backend_test.TestAuth" name="test_login_invalid" time="0.410" /><testcase classname="backend.tests.backend_test.TestAuth" name="test_me" time="0.605" /><testcase classname="backend.tests.backend_test.TestAuth" name="test_register_as_admin_creates_user" time="0.367"><failure message="AssertionError: assert 'test_user_17...3@example.com' == 'TEST_user_17...3@example.com'&#10;  &#10;  - TEST_user_1778870153@example.com&#10;  ? ^^^^&#10;  + test_user_1778870153@example.com&#10;  ? ^^^^">backend/tests/backend_test.py:70: in test_register_as_admin_creates_user
    assert r.json()["email"] == email
E   AssertionError: assert 'test_user_17...3@example.com' == 'TEST_user_17...3@example.com'
E     
E     - TEST_user_1778870153@example.com
E     ? ^^^^
E     + test_user_1778870153@example.com
E     ? ^^^^</failure></testcase><testcase classname="backend.tests.backend_test.TestAuth" name="test_register_as_agent_forbidden" time="0.539" /><testcase classname="backend.tests.backend_test.TestDashboard" name="test_stats" time="0.196" /><testcase classname="backend.tests.backend_test.TestContacts" name="test_list_contacts_seeded" time="0.104" /><testcase classname="backend.tests.backend_test.TestContacts" name="test_search_filter" time="0.131" /><testcase classname="backend.tests.backend_test.TestContacts" name="test_crud_contact" time="0.648" /><testcase classname="backend.tests.backend_test.TestContacts" name="test_csv_import" time="0.146" /><testcase classname="backend.tests.backend_test.TestContacts" name="test_bulk_delete" time="0.379" /><testcase classname="backend.tests.backend_test.TestContacts" name="test_delete_contact" time="0.126" /><testcase classname="backend.tests.backend_test.TestLists" name="test_seed" time="0.118" /><testcase classname="backend.tests.backend_test.TestLists" name="test_create_list" time="0.128" /><testcase classname="backend.tests.backend_test.TestTemplates" name="test_seed" time="0.108" /><testcase classname="backend.tests.backend_test.TestTemplates" name="test_filter_channel" time="0.128" /><testcase classname="backend.tests.backend_test.TestTemplates" name="test_create_delete" time="0.244" /><testcase classname="backend.tests.backend_test.TestCampaigns" name="test_create_immediate_campaign" time="13.931" /><testcase classname="backend.tests.backend_test.TestCampaigns" name="test_invalid_template" time="0.123" /><testcase classname="backend.tests.backend_test.TestMessages" name="test_send_single_message_lifecycle" time="3.429" /><testcase classname="backend.tests.backend_test.TestMessages" name="test_list_messages_filter" time="0.126" /><testcase classname="backend.tests.backend_test.TestConversations" name="test_list_conversations" time="0.119" /><testcase classname="backend.tests.backend_test.TestConversations" name="test_timeline" time="0.276" /><testcase classname="backend.tests.backend_test.TestCalls" name="test_initiate_call_lifecycle" time="4.350" /><testcase classname="backend.tests.backend_test.TestProviders" name="test_list_seeded" time="0.150" /><testcase classname="backend.tests.backend_test.TestProviders" name="test_crud" time="0.368" /><testcase classname="backend.tests.backend_test.TestWebhooks" name="test_incoming_no_auth" time="0.762" /><testcase classname="backend.tests.backend_test.TestUsage" name="test_summary" time="0.122" /></testsuite></testsuites>