<?xml version="1.0" encoding="utf-8"?><testsuites name="pytest tests"><testsuite name="pytest" errors="0" failures="0" skipped="0" tests="40" time="35.877" timestamp="2026-05-15T19:00:47.044852+00:00" hostname="agent-env-8c4e4cb2-3d92-450e-b9c5-607896e3a5af"><testcase classname="backend.tests.backend_test.TestAuth" name="test_login_admin_returns_token_and_cookie" time="0.477" /><testcase classname="backend.tests.backend_test.TestAuth" name="test_login_invalid" time="0.433" /><testcase classname="backend.tests.backend_test.TestAuth" name="test_me" time="0.550" /><testcase classname="backend.tests.backend_test.TestAuth" name="test_register_as_admin_creates_user" time="0.397" /><testcase classname="backend.tests.backend_test.TestAuth" name="test_register_as_agent_forbidden" time="0.611" /><testcase classname="backend.tests.backend_test.TestDashboard" name="test_stats" time="0.105" /><testcase classname="backend.tests.backend_test.TestContacts" name="test_list_contacts_seeded" time="0.136" /><testcase classname="backend.tests.backend_test.TestContacts" name="test_search_filter" time="0.123" /><testcase classname="backend.tests.backend_test.TestContacts" name="test_crud_contact" time="0.625" /><testcase classname="backend.tests.backend_test.TestContacts" name="test_csv_import" time="0.222" /><testcase classname="backend.tests.backend_test.TestContacts" name="test_bulk_delete" time="0.406" /><testcase classname="backend.tests.backend_test.TestContacts" name="test_delete_contact" time="0.117" /><testcase classname="backend.tests.backend_test.TestLists" name="test_seed" time="0.118" /><testcase classname="backend.tests.backend_test.TestLists" name="test_create_list" time="0.115" /><testcase classname="backend.tests.backend_test.TestTemplates" name="test_seed" time="0.106" /><testcase classname="backend.tests.backend_test.TestTemplates" name="test_filter_channel" time="0.110" /><testcase classname="backend.tests.backend_test.TestTemplates" name="test_create_delete" time="0.252" /><testcase classname="backend.tests.backend_test.TestCampaigns" name="test_create_immediate_campaign" time="13.933" /><testcase classname="backend.tests.backend_test.TestCampaigns" name="test_invalid_template" time="0.125" /><testcase classname="backend.tests.backend_test.TestMessages" name="test_send_single_message_lifecycle" time="3.447" /><testcase classname="backend.tests.backend_test.TestMessages" name="test_list_messages_filter" time="0.099" /><testcase classname="backend.tests.backend_test.TestConversations" name="test_list_conversations" time="0.102" /><testcase classname="backend.tests.backend_test.TestConversations" name="test_timeline" time="1.267" /><testcase classname="backend.tests.backend_test.TestCalls" name="test_initiate_call_lifecycle" time="4.438" /><testcase classname="backend.tests.backend_test.TestProviders" name="test_list_seeded" time="0.116" /><testcase classname="backend.tests.backend_test.TestProviders" name="test_crud" time="0.367" /><testcase classname="backend.tests.backend_test.TestWebhooks" name="test_incoming_no_auth" time="0.749" /><testcase classname="backend.tests.backend_test.TestUsage" name="test_summary" time="0.107" /><testcase classname="backend.tests.backend_test.TestChangePassword" name="test_wrong_old_password_rejected" time="0.339" /><testcase classname="backend.tests.backend_test.TestChangePassword" name="test_short_new_password_rejected" time="0.355" /><testcase classname="backend.tests.backend_test.TestChangePassword" name="test_change_and_revert" time="1.851" /><testcase classname="backend.tests.backend_test.TestListPatch" name="test_patch_list" time="0.858" /><testcase classname="backend.tests.backend_test.TestExportCSV" name="test_export_csv_format" time="0.142" /><testcase classname="backend.tests.backend_test.TestCampaignDetail" name="test_get_campaign_returns_campaign_and_recipients" time="0.701" /><testcase classname="backend.tests.backend_test.TestCampaignDetail" name="test_get_campaign_404" time="0.123" /><testcase classname="backend.tests.backend_test.TestProviderCredentials" name="test_get_credentials_masked" time="0.379" /><testcase classname="backend.tests.backend_test.TestProviderCredentials" name="test_put_credentials_preserves_when_masked_value_sent" time="0.628" /><testcase classname="backend.tests.backend_test.TestProviderCredentials" name="test_put_credentials_forbidden_for_agent" time="0.219" /><testcase classname="backend.tests.backend_test.TestProviderCredentials" name="test_provider_test_mock_succeeds" time="0.249" /><testcase classname="backend.tests.backend_test.TestProviderCredentials" name="test_provider_test_404" time="0.111" /></testsuite></testsuites>